<?xml version="1.0" encoding="UTF-8"?>
<!-- Generated by org.testng.reporters.JUnitXMLReporter -->
<testsuite hostname="uscs-312" name="Default test" tests="1" failures="0" timestamp="5 Jun 2015 09:25:40 GMT" time="0.047" errors="0">
  <testcase name="@BeforeTest setup" time="0.0" classname="test.testLogin_Contribute">
    <failure type="org.testng.TestNGException" message="
Parameter &amp;apos;browser&amp;apos; is required by @Configuration on method setup but has not been marked @Optional or defined
in C:\Users\SCS_USER\AppData\Local\Temp\testng-eclipse-606930313\testng-customsuite.xml">
      <![CDATA[org.testng.TestNGException: 
Parameter 'browser' is required by @Configuration on method setup but has not been marked @Optional or defined
in C:\Users\SCS_USER\AppData\Local\Temp\testng-eclipse-606930313\testng-customsuite.xml
	at org.testng.internal.Parameters.createParameters(Parameters.java:159)
	at org.testng.internal.Parameters.createParameters(Parameters.java:372)
	at org.testng.internal.Parameters.createConfigurationParameters(Parameters.java:90)
	at org.testng.internal.Invoker.invokeConfigurations(Invoker.java:199)
	at org.testng.internal.Invoker.invokeConfigurations(Invoker.java:140)
	at org.testng.TestRunner.beforeRun(TestRunner.java:645)
	at org.testng.TestRunner.run(TestRunner.java:613)
	at org.testng.SuiteRunner.runTest(SuiteRunner.java:357)
	at org.testng.SuiteRunner.runSequentially(SuiteRunner.java:352)
	at org.testng.SuiteRunner.privateRun(SuiteRunner.java:310)
	at org.testng.SuiteRunner.run(SuiteRunner.java:259)
	at org.testng.SuiteRunnerWorker.runSuite(SuiteRunnerWorker.java:52)
	at org.testng.SuiteRunnerWorker.run(SuiteRunnerWorker.java:86)
	at org.testng.TestNG.runSuitesSequentially(TestNG.java:1200)
	at org.testng.TestNG.runSuitesLocally(TestNG.java:1125)
	at org.testng.TestNG.run(TestNG.java:1033)
	at org.testng.remote.RemoteTestNG.run(RemoteTestNG.java:111)
	at org.testng.remote.RemoteTestNG.initAndRun(RemoteTestNG.java:204)
	at org.testng.remote.RemoteTestNG.main(RemoteTestNG.java:175)
]]>
    </failure>
  </testcase> <!-- @BeforeTest setup -->
  <testcase name="@AfterTest teardown" time="0.0" classname="test.testLogin_Contribute">
    <skipped/>
  </testcase> <!-- @AfterTest teardown -->
  <testcase name="test_Login_Page" time="0.008" classname="test.testLogin_Contribute">
    <skipped/>
  </testcase> <!-- test_Login_Page -->
</testsuite> <!-- Default test -->
